<?xml version="1.0" encoding="UTF-8"?>
<!-- Generated by org.testng.reporters.JUnitReportReporter -->
<testsuite hostname="AGRNT-WS-002" failures="0" tests="1" name="Academy.E2EProjects.HomePage2" time="2.143" errors="0" timestamp="2022-08-24T15:39:49 IST" skipped="0">
  <testcase classname="Academy.E2EProjects.HomePage2" name="basepagenavigation" time="2.143"/>
  <system-out/>
</testsuite> <!-- Academy.E2EProjects.HomePage2 -->
