<?xml version="1.0" encoding="UTF-8"?>
<!-- Generated by org.testng.reporters.JUnitReportReporter -->
<testsuite hostname="AGRNT-WS-002" failures="0" tests="1" name="Academy.E2EProjects.OpenUrlWithoutWebsite" time="0.025" errors="0" timestamp="2022-08-24T15:41:23 IST" skipped="0">
  <testcase classname="Academy.E2EProjects.OpenUrlWithoutWebsite" name="basepagenavigation" time="0.025"/>
  <system-out/>
</testsuite> <!-- Academy.E2EProjects.OpenUrlWithoutWebsite -->
